/usr/local/Cellar/quast/4.2/quast.py -o quast_results /Users/cmdb/qbb2016-answers/week2/both_ends/contigs.fa /Users/cmdb/qbb2016-answers/week2/velvet_high/contigs.fa /Users/cmdb/qbb2016-answers/week2/spades_assembly/contigs.fasta /Users/cmdb/qbb2016-answers/week2/spades_assembly_high/contigs.fasta

Version: 4.2, build 21.07.2016 14:03

System information:
  OS: Darwin-15.6.0-x86_64-i386-64bit (macosx)
  Python version: 2.7.12
  CPUs number: 4

Started: 2016-09-16 19:56:36

Logging to /Users/cmdb/qbb2016-answers/week2/quast_results/quast.log
NOTICE: Maximum number of threads is set to 1 (use --threads option to set it manually)

Main parameters: 
  Threads: 1, minimum contig length: 500, ambiguity: one, threshold for extensive misassembly size: 1000

Contigs:
  1  /Users/cmdb/qbb2016-answers/week2/both_ends/contigs.fa ==> both_ends_contigs
  2  /Users/cmdb/qbb2016-answers/week2/velvet_high/contigs.fa ==> velvet_high_contigs
  3  /Users/cmdb/qbb2016-answers/week2/spades_assembly/contigs.fasta ==> spades_assembly_contigs
  4  /Users/cmdb/qbb2016-answers/week2/spades_assembly_high/contigs.fasta ==> spades_assembly_high_contigs

2016-09-16 19:56:40
Running Basic statistics processor...
  Contig files: 
    1  both_ends_contigs
    2  velvet_high_contigs
    3  spades_assembly_contigs
    4  spades_assembly_high_contigs
  Calculating N50 and L50...
    1  both_ends_contigs, N50 = 683, L50 = 5, Total length = 8051, GC % = 51.22, # N's per 100 kbp =  124.21
    2  velvet_high_contigs, N50 = 19911, L50 = 2, Total length = 99584, GC % = 52.58, # N's per 100 kbp =  0.00
    3  spades_assembly_contigs, N50 = 718, L50 = 8, Total length = 15923, GC % = 51.21, # N's per 100 kbp =  0.00
    4  spades_assembly_high_contigs, N50 = 100000, L50 = 1, Total length = 100000, GC % = 52.59, # N's per 100 kbp =  0.00
  Drawing Nx plot...
    saved to /Users/cmdb/qbb2016-answers/week2/quast_results/basic_stats/Nx_plot.pdf
  Drawing cumulative plot...
    saved to /Users/cmdb/qbb2016-answers/week2/quast_results/basic_stats/cumulative_plot.pdf
  Drawing GC content plot...
    saved to /Users/cmdb/qbb2016-answers/week2/quast_results/basic_stats/GC_content_plot.pdf
  Drawing Coverage histogram (bin size: 1x)...
    saved to /Users/cmdb/qbb2016-answers/week2/quast_results/basic_stats/coverage_histogram.pdf
  Drawing both_ends_contigs coverage histogram (bin size: 1x)...
    saved to /Users/cmdb/qbb2016-answers/week2/quast_results/basic_stats/both_ends_contigs_coverage_histogram.pdf
  Drawing velvet_high_contigs coverage histogram (bin size: 12x)...
    saved to /Users/cmdb/qbb2016-answers/week2/quast_results/basic_stats/velvet_high_contigs_coverage_histogram.pdf
  Drawing spades_assembly_contigs coverage histogram (bin size: 1x)...
    saved to /Users/cmdb/qbb2016-answers/week2/quast_results/basic_stats/spades_assembly_contigs_coverage_histogram.pdf
  Drawing spades_assembly_high_contigs coverage histogram (bin size: 1x)...
    saved to /Users/cmdb/qbb2016-answers/week2/quast_results/basic_stats/spades_assembly_high_contigs_coverage_histogram.pdf
Done.

NOTICE: Genes are not predicted by default. Use --gene-finding option to enable it.

2016-09-16 19:56:43
Creating large visual summaries...
This may take a while: press Ctrl-C to skip this step..
  1 of 2: Creating Icarus viewers...
  2 of 2: Creating PDF with all tables and plots...
Done

2016-09-16 19:56:44
RESULTS:
  Text versions of total report are saved to /Users/cmdb/qbb2016-answers/week2/quast_results/report.txt, report.tsv, and report.tex
  Text versions of transposed total report are saved to /Users/cmdb/qbb2016-answers/week2/quast_results/transposed_report.txt, transposed_report.tsv, and transposed_report.tex
  HTML version (interactive tables and plots) saved to /Users/cmdb/qbb2016-answers/week2/quast_results/report.html
  PDF version (tables and plots) is saved to /Users/cmdb/qbb2016-answers/week2/quast_results/report.pdf
  Icarus (contig browser) is saved to /Users/cmdb/qbb2016-answers/week2/quast_results/icarus.html
  Log saved to /Users/cmdb/qbb2016-answers/week2/quast_results/quast.log

Finished: 2016-09-16 19:56:45
Elapsed time: 0:00:08.792931
NOTICEs: 2; WARNINGs: 0; non-fatal ERRORs: 0

Thank you for using QUAST!
